2023-03-21 11:19:01,247 [Worker-4: Loading available Gradle versions] INFO  o.e.b.c.i.u.g.PublishedGradleVersions - Gradle version information cache is out-of-date. Trying to update.
2023-03-21 11:19:04,736 [Worker-4: Loading available Gradle versions] INFO  o.e.b.c.i.u.g.PublishedGradleVersions - Updating Gradle version information cache failed. Using outdated cache.
2023-03-21 11:36:09,996 [Worker-0: Loading available Gradle versions] INFO  o.e.b.c.i.u.g.PublishedGradleVersions - Gradle version information cache is out-of-date. Trying to update.
2023-03-21 11:38:04,378 [Worker-0: Loading available Gradle versions] INFO  o.e.b.c.i.u.g.PublishedGradleVersions - Gradle version information cache is up-to-date. Trying to read.
2023-03-21 11:41:41,080 [Start Help Server] INFO  org.eclipse.jetty.server.Server - jetty-10.0.13; built: 2022-12-07T20:13:20.134Z; git: 1c2636ea05c0ca8de1ffd6ca7f3a98ac084c766d; jvm 17.0.6+10
2023-03-21 11:41:41,155 [Start Help Server] INFO  o.e.j.s.s.DefaultSessionIdManager - Session workerName=node0
2023-03-21 11:41:41,230 [Start Help Server] INFO  o.e.j.server.handler.ContextHandler - Started o.e.j.s.ServletContextHandler@72f12238{/help,null,AVAILABLE}
2023-03-21 11:41:41,288 [Start Help Server] INFO  o.e.jetty.server.AbstractConnector - Started ServerConnector@545ccffe{HTTP/1.1, (http/1.1)}{127.0.0.1:59575}
2023-03-21 11:41:41,336 [Start Help Server] INFO  org.eclipse.jetty.server.Server - Started Server@14c51aa1{STARTING}[10.0.13,sto=0] @247334ms
2023-03-21 11:42:39,005 [Stop Help Server] INFO  org.eclipse.jetty.server.Server - Stopped Server@14c51aa1{STOPPING}[10.0.13,sto=0]
2023-03-21 11:42:39,029 [Stop Help Server] INFO  o.e.jetty.server.AbstractConnector - Stopped ServerConnector@545ccffe{HTTP/1.1, (http/1.1)}{127.0.0.1:0}
2023-03-21 11:42:39,346 [Stop Help Server] INFO  o.e.j.server.handler.ContextHandler - Stopped o.e.j.s.ServletContextHandler@72f12238{/help,null,STOPPED}
2023-03-21 11:43:03,491 [Worker-1: Loading available Gradle versions] INFO  o.e.b.c.i.u.g.PublishedGradleVersions - Gradle version information cache is up-to-date. Trying to read.
2023-03-21 11:43:31,234 [Worker-0: Loading available Gradle versions] INFO  o.e.b.c.i.u.g.PublishedGradleVersions - Gradle version information cache is up-to-date. Trying to read.
2023-03-21 11:48:18,012 [Worker-1: Loading available Gradle versions] INFO  o.e.b.c.i.u.g.PublishedGradleVersions - Gradle version information cache is up-to-date. Trying to read.
2023-03-21 11:50:18,743 [Start Help Server] INFO  org.eclipse.jetty.server.Server - jetty-10.0.13; built: 2022-12-07T20:13:20.134Z; git: 1c2636ea05c0ca8de1ffd6ca7f3a98ac084c766d; jvm 17.0.6+10
2023-03-21 11:50:18,809 [Start Help Server] INFO  o.e.j.s.s.DefaultSessionIdManager - Session workerName=node0
2023-03-21 11:50:18,887 [Start Help Server] INFO  o.e.j.server.handler.ContextHandler - Started o.e.j.s.ServletContextHandler@8559da7{/help,null,AVAILABLE}
2023-03-21 11:50:18,958 [Start Help Server] INFO  o.e.jetty.server.AbstractConnector - Started ServerConnector@5924b89d{HTTP/1.1, (http/1.1)}{127.0.0.1:59640}
2023-03-21 11:50:18,963 [Start Help Server] INFO  org.eclipse.jetty.server.Server - Started Server@68ba79f7{STARTING}[10.0.13,sto=0] @150385ms
2023-03-21 12:01:07,229 [Stop Help Server] INFO  org.eclipse.jetty.server.Server - Stopped Server@68ba79f7{STOPPING}[10.0.13,sto=0]
2023-03-21 12:01:07,279 [Stop Help Server] INFO  o.e.jetty.server.AbstractConnector - Stopped ServerConnector@5924b89d{HTTP/1.1, (http/1.1)}{127.0.0.1:0}
2023-03-21 12:01:07,442 [Stop Help Server] INFO  o.e.j.server.handler.ContextHandler - Stopped o.e.j.s.ServletContextHandler@8559da7{/help,null,STOPPED}
2023-03-21 12:01:31,200 [Worker-0: Loading available Gradle versions] INFO  o.e.b.c.i.u.g.PublishedGradleVersions - Gradle version information cache is up-to-date. Trying to read.
2023-03-21 12:08:19,907 [Worker-3: Loading available Gradle versions] INFO  o.e.b.c.i.u.g.PublishedGradleVersions - Gradle version information cache is up-to-date. Trying to read.
2023-03-21 12:12:41,655 [Worker-7: Loading available Gradle versions] INFO  o.e.b.c.i.u.g.PublishedGradleVersions - Gradle version information cache is up-to-date. Trying to read.
